100000000000000019 100000000000000021
100000000000000337 100000000000000339
100000000000000589 100000000000000591
100000000000000817 100000000000000819
100000000000001219 100000000000001221
100000000000002587 100000000000002589
100000000000002857 100000000000002859
100000000000002911 100000000000002913
100000000000003559 100000000000003561
100000000000004009 100000000000004011
100000000000004381 100000000000004383
100000000000005659 100000000000005661
100000000000007201 100000000000007203
100000000000009847 100000000000009849
100000000000009997 100000000000009999
100000000000010039 100000000000010041
100000000000014017 100000000000014019
100000000000014407 100000000000014409
100000000000015361 100000000000015363
100000000000016789 100000000000016791
100000000000021241 100000000000021243
100000000000021481 100000000000021483
100000000000022147 100000000000022149
100000000000022669 100000000000022671
100000000000023419 100000000000023421
100000000000024277 100000000000024279
100000000000025549 100000000000025551
100000000000028309 100000000000028311
100000000000028717 100000000000028719
100000000000029947 100000000000029949
100000000000033997 100000000000033999
100000000000036427 100000000000036429
100000000000037411 100000000000037413
100000000000038239 100000000000038241
100000000000038569 100000000000038571
100000000000040729 100000000000040731
100000000000042589 100000000000042591
100000000000042697 100000000000042699
100000000000045967 100000000000045969
100000000000046591 100000000000046593
100000000000046819 100000000000046821
100000000000047071 100000000000047073
100000000000048439 100000000000048441
100000000000048859 100000000000048861
100000000000056509 100000000000056511
100000000000058129 100000000000058131
100000000000059527 100000000000059529
100000000000060439 100000000000060441
100000000000062011 100000000000062013
100000000000062059 100000000000062061
100000000000062287 100000000000062289
100000000000064321 100000000000064323
100000000000066121 100000000000066123
100000000000068731 100000000000068733
100000000000070327 100000000000070329
100000000000071707 100000000000071709
100000000000071929 100000000000071931
100000000000073441 100000000000073443
100000000000074131 100000000000074133
100000000000074371 100000000000074373
100000000000074659 100000000000074661
100000000000074947 100000000000074949
100000000000075391 100000000000075393
100000000000075919 100000000000075921
100000000000077209 100000000000077211
100000000000077887 100000000000077889
100000000000078769 100000000000078771
100000000000078877 100000000000078879
100000000000079129 100000000000079131
100000000000079279 100000000000079281
100000000000080029 100000000000080031
100000000000081331 100000000000081333
100000000000084661 100000000000084663
100000000000086311 100000000000086313
100000000000088411 100000000000088413
100000000000088891 100000000000088893
100000000000090667 100000000000090669
100000000000091099 100000000000091101
100000000000091489 100000000000091491
100000000000091591 100000000000091593
100000000000091957 100000000000091959
100000000000092821 100000000000092823
100000000000094771 100000000000094773
100000000000095407 100000000000095409
100000000000096349 100000000000096351
100000000000097387 100000000000097389
100000000000099607 100000000000099609
100000000000101107 100000000000101109
100000000000101371 100000000000101373
100000000000101491 100000000000101493
100000000000102757 100000000000102759
100000000000102901 100000000000102903
100000000000103627 100000000000103629
100000000000105529 100000000000105531
100000000000106117 100000000000106119
100000000000106807 100000000000106809
100000000000107017 100000000000107019
100000000000108757 100000000000108759
100000000000111829 100000000000111831
100000000000117619 100000000000117621
100000000000117961 100000000000117963
100000000000118171 100000000000118173
100000000000118369 100000000000118371
100000000000118747 100000000000118749
100000000000121027 100000000000121029
100000000000121447 100000000000121449
100000000000121831 100000000000121833
100000000000121987 100000000000121989
100000000000122359 100000000000122361
100000000000123919 100000000000123921
100000000000127231 100000000000127233
100000000000131479 100000000000131481
100000000000132007 100000000000132009
100000000000133249 100000000000133251
100000000000133741 100000000000133743
100000000000134191 100000000000134193
100000000000134359 100000000000134361
100000000000135901 100000000000135903
100000000000137527 100000000000137529
100000000000139957 100000000000139959
100000000000144427 100000000000144429
100000000000144547 100000000000144549
100000000000145339 100000000000145341
100000000000145699 100000000000145701
100000000000147451 100000000000147453
100000000000152101 100000000000152103
100000000000154939 100000000000154941
100000000000155401 100000000000155403
100000000000156901 100000000000156903
100000000000157009 100000000000157011
100000000000157267 100000000000157269
100000000000158521 100000000000158523
100000000000159289 100000000000159291
100000000000160597 100000000000160599
100000000000161731 100000000000161733
100000000000162319 100000000000162321
100000000000162817 100000000000162819
100000000000163267 100000000000163269
100000000000163957 100000000000163959
100000000000165217 100000000000165219
100000000000166081 100000000000166083
100000000000169147 100000000000169149
100000000000169651 100000000000169653
100000000000170341 100000000000170343
100000000000172381 100000000000172383
100000000000173197 100000000000173199
100000000000173527 100000000000173529
100000000000174997 100000000000174999
100000000000175417 100000000000175419
100000000000175591 100000000000175593
100000000000179341 100000000000179343
100000000000180277 100000000000180279
100000000000181717 100000000000181719
100000000000182239 100000000000182241
100000000000183487 100000000000183489
100000000000184927 100000000000184929
100000000000188641 100000000000188643
100000000000189379 100000000000189381
100000000000190231 100000000000190233
100000000000190489 100000000000190491
100000000000190681 100000000000190683
100000000000190957 100000000000190959
100000000000192289 100000000000192291
100000000000192541 100000000000192543
100000000000193801 100000000000193803
100000000000198631 100000000000198633
100000000000198937 100000000000198939
100000000000199267 100000000000199269
100000000000199459 100000000000199461
100000000000199699 100000000000199701
100000000000202999 100000000000203001
100000000000203341 100000000000203343
100000000000205441 100000000000205443
100000000000208129 100000000000208131
100000000000209497 100000000000209499
100000000000209899 100000000000209901
100000000000210337 100000000000210339
100000000000210829 100000000000210831
100000000000210967 100000000000210969
100000000000211021 100000000000211023
100000000000211369 100000000000211371
100000000000212047 100000000000212049
100000000000212887 100000000000212889
100000000000213127 100000000000213129
100000000000213679 100000000000213681
100000000000214591 100000000000214593
100000000000215041 100000000000215043
100000000000219469 100000000000219471
100000000000220399 100000000000220401
100000000000220861 100000000000220863
100000000000222121 100000000000222123
100000000000222547 100000000000222549
100000000000223117 100000000000223119
100000000000225067 100000000000225069
100000000000226147 100000000000226149
100000000000226351 100000000000226353
100000000000226867 100000000000226869
100000000000227557 100000000000227559
100000000000227641 100000000000227643
100000000000228901 100000000000228903
100000000000230059 100000000000230061
100000000000230311 100000000000230313
100000000000230479 100000000000230481
100000000000234559 100000000000234561
100000000000235171 100000000000235173
100000000000235537 100000000000235539
100000000000237397 100000000000237399
100000000000244021 100000000000244023
100000000000244651 100000000000244653
100000000000245509 100000000000245511
100000000000247447 100000000000247449
100000000000250459 100000000000250461
100000000000251737 100000000000251739
100000000000252019 100000000000252021
100000000000252367 100000000000252369
100000000000252811 100000000000252813
100000000000253009 100000000000253011
100000000000253537 100000000000253539
100000000000253711 100000000000253713
100000000000256771 100000000000256773
100000000000258739 100000000000258741
100000000000258817 100000000000258819
100000000000258991 100000000000258993
100000000000259321 100000000000259323
100000000000260161 100000000000260163
100000000000260851 100000000000260853
100000000000262429 100000000000262431
100000000000262447 100000000000262449
100000000000264451 100000000000264453
100000000000264631 100000000000264633
100000000000265117 100000000000265119
100000000000265381 100000000000265383
100000000000265591 100000000000265593
100000000000266449 100000000000266451
100000000000267511 100000000000267513
100000000000269077 100000000000269079
100000000000269401 100000000000269403
100000000000269539 100000000000269541
100000000000270649 100000000000270651
100000000000274447 100000000000274449
100000000000275281 100000000000275283
100000000000275491 100000000000275493
100000000000275887 100000000000275889
100000000000276667 100000000000276669
100000000000278149 100000000000278151
100000000000278401 100000000000278403
100000000000281947 100000000000281949
100000000000282337 100000000000282339
100000000000283417 100000000000283419
100000000000283597 100000000000283599
100000000000287587 100000000000287589
100000000000287977 100000000000287979
100000000000289297 100000000000289299
100000000000290491 100000000000290493
100000000000292591 100000000000292593
100000000000293011 100000000000293013
100000000000295621 100000000000295623
100000000000297169 100000000000297171
100000000000299779 100000000000299781
