10000000001267 10000000001269
10000000001681 10000000001683
10000000002017 10000000002019
10000000002491 10000000002493
10000000002581 10000000002583
10000000003127 10000000003129
10000000003241 10000000003243
10000000003349 10000000003351
10000000004549 10000000004551
10000000004777 10000000004779
10000000005557 10000000005559
10000000005659 10000000005661
10000000006457 10000000006459
10000000007447 10000000007449
10000000008077 10000000008079
10000000008197 10000000008199
10000000008221 10000000008223
10000000009511 10000000009513
10000000009931 10000000009933
10000000012097 10000000012099
10000000012859 10000000012861
10000000013909 10000000013911
10000000014857 10000000014859
10000000015589 10000000015591
10000000018469 10000000018471
10000000019297 10000000019299
10000000019759 10000000019761
10000000020401 10000000020403
10000000020509 10000000020511
10000000020977 10000000020979
10000000021481 10000000021483
10000000022039 10000000022041
10000000022261 10000000022263
10000000022981 10000000022983
10000000023191 10000000023193
10000000023677 10000000023679
10000000025051 10000000025053
10000000025297 10000000025299
10000000025417 10000000025419
10000000025957 10000000025959
10000000026299 10000000026301
10000000026461 10000000026463
10000000027607 10000000027609
10000000029197 10000000029199
10000000029497 10000000029499
10000000029881 10000000029883
10000000031501 10000000031503
10000000031519 10000000031521
10000000032161 10000000032163
10000000032311 10000000032313
10000000033367 10000000033369
10000000036109 10000000036111
10000000036307 10000000036309
10000000037801 10000000037803
10000000039439 10000000039441
10000000039571 10000000039573
10000000039661 10000000039663
10000000040159 10000000040161
10000000040519 10000000040521
10000000040621 10000000040623
10000000043069 10000000043071
10000000043147 10000000043149
10000000043219 10000000043221
10000000043819 10000000043821
10000000044077 10000000044079
10000000045421 10000000045423
10000000045457 10000000045459
10000000045619 10000000045621
10000000045667 10000000045669
10000000046591 10000000046593
10000000047341 10000000047343
10000000047377 10000000047379
10000000047797 10000000047799
10000000048529 10000000048531
10000000049519 10000000049521
10000000049951 10000000049953
10000000050329 10000000050331
10000000051889 10000000051891
10000000052309 10000000052311
10000000052321 10000000052323
10000000052969 10000000052971
10000000053089 10000000053091
10000000053269 10000000053271
10000000053959 10000000053961
10000000054181 10000000054183
10000000054571 10000000054573
10000000055249 10000000055251
10000000055627 10000000055629
10000000056581 10000000056583
10000000056587 10000000056589
10000000058261 10000000058263
10000000058471 10000000058473
10000000061039 10000000061041
10000000061327 10000000061329
10000000061939 10000000061941
10000000062287 10000000062289
10000000064651 10000000064653
10000000065791 10000000065793
10000000066319 10000000066321
10000000069727 10000000069729
10000000069847 10000000069849
10000000070441 10000000070443
10000000071407 10000000071409
10000000073069 10000000073071
10000000073387 10000000073389
10000000074521 10000000074523
10000000074611 10000000074613
10000000075067 10000000075069
10000000076501 10000000076503
10000000076609 10000000076611
10000000079687 10000000079689
10000000080269 10000000080271
10000000080599 10000000080601
10000000080869 10000000080871
10000000081469 10000000081471
10000000081661 10000000081663
10000000081889 10000000081891
10000000081931 10000000081933
10000000083191 10000000083193
10000000085027 10000000085029
10000000085081 10000000085083
10000000085351 10000000085353
10000000085807 10000000085809
10000000086407 10000000086409
10000000086719 10000000086721
10000000087667 10000000087669
10000000087949 10000000087951
10000000088537 10000000088539
10000000089347 10000000089349
10000000089479 10000000089481
10000000089809 10000000089811
10000000090277 10000000090279
10000000091021 10000000091023
10000000091579 10000000091581
10000000092011 10000000092013
10000000093001 10000000093003
10000000093007 10000000093009
10000000094729 10000000094731
10000000096157 10000000096159
10000000096367 10000000096369
10000000096871 10000000096873
10000000099487 10000000099489
10000000101491 10000000101493
10000000102247 10000000102249
10000000103237 10000000103239
10000000104077 10000000104079
10000000104569 10000000104571
10000000105259 10000000105261
10000000105307 10000000105309
10000000106279 10000000106281
10000000107857 10000000107859
10000000108337 10000000108339
10000000108487 10000000108489
10000000108937 10000000108939
10000000109549 10000000109551
10000000109609 10000000109611
10000000111571 10000000111573
10000000111991 10000000111993
10000000119119 10000000119121
10000000120301 10000000120303
10000000120391 10000000120393
10000000120541 10000000120543
10000000120949 10000000120951
10000000122221 10000000122223
10000000122977 10000000122979
10000000123877 10000000123879
10000000124129 10000000124131
10000000125251 10000000125253
10000000125761 10000000125763
10000000129787 10000000129789
10000000130051 10000000130053
10000000131311 10000000131313
10000000131347 10000000131349
10000000131461 10000000131463
10000000131887 10000000131889
10000000132007 10000000132009
10000000132259 10000000132261
10000000133237 10000000133239
10000000133729 10000000133731
10000000134107 10000000134109
10000000134461 10000000134463
10000000134701 10000000134703
10000000134869 10000000134871
10000000136897 10000000136899
10000000136909 10000000136911
10000000136981 10000000136983
10000000137137 10000000137139
10000000137641 10000000137643
10000000138319 10000000138321
10000000141511 10000000141513
10000000142051 10000000142053
10000000142201 10000000142203
10000000142609 10000000142611
10000000142807 10000000142809
10000000143101 10000000143103
10000000143389 10000000143391
10000000144061 10000000144063
10000000144907 10000000144909
10000000145039 10000000145041
10000000145561 10000000145563
10000000145591 10000000145593
10000000146341 10000000146343
10000000146821 10000000146823
10000000146881 10000000146883
10000000147169 10000000147171
10000000148189 10000000148191
10000000148447 10000000148449
10000000149239 10000000149241
10000000150499 10000000150501
10000000150661 10000000150663
10000000151747 10000000151749
10000000151957 10000000151959
10000000152089 10000000152091
10000000152431 10000000152433
10000000152629 10000000152631
10000000153289 10000000153291
10000000153607 10000000153609
10000000155071 10000000155073
10000000156847 10000000156849
10000000157501 10000000157503
10000000157759 10000000157761
10000000159811 10000000159813
10000000160039 10000000160041
10000000160147 10000000160149
10000000160411 10000000160413
10000000161797 10000000161799
10000000162637 10000000162639
10000000162811 10000000162813
10000000163117 10000000163119
10000000164281 10000000164283
10000000164701 10000000164703
10000000164731 10000000164733
10000000165151 10000000165153
10000000165427 10000000165429
10000000165619 10000000165621
10000000167557 10000000167559
10000000167581 10000000167583
10000000167821 10000000167823
10000000168979 10000000168981
10000000169897 10000000169899
10000000169981 10000000169983
10000000171037 10000000171039
10000000171169 10000000171171
10000000171307 10000000171309
10000000171949 10000000171951
10000000172009 10000000172011
10000000172399 10000000172401
10000000172627 10000000172629
10000000174319 10000000174321
10000000174607 10000000174609
10000000174859 10000000174861
10000000175057 10000000175059
10000000175549 10000000175551
10000000175717 10000000175719
10000000175819 10000000175821
10000000176239 10000000176241
10000000176779 10000000176781
10000000176797 10000000176799
10000000177961 10000000177963
10000000178939 10000000178941
10000000179131 10000000179133
10000000179989 10000000179991
10000000180109 10000000180111
10000000181027 10000000181029
10000000181597 10000000181599
10000000181849 10000000181851
10000000183421 10000000183423
10000000183499 10000000183501
10000000184297 10000000184299
10000000184357 10000000184359
10000000184411 10000000184413
10000000186931 10000000186933
10000000187519 10000000187521
10000000187729 10000000187731
10000000188317 10000000188319
10000000188599 10000000188601
10000000189241 10000000189243
10000000189349 10000000189351
10000000189997 10000000189999
10000000190351 10000000190353
10000000191119 10000000191121
10000000191497 10000000191499
10000000191677 10000000191679
10000000192199 10000000192201
10000000192289 10000000192291
10000000192517 10000000192519
10000000194047 10000000194049
10000000195121 10000000195123
10000000195277 10000000195279
10000000195499 10000000195501
10000000196729 10000000196731
10000000197791 10000000197793
10000000199177 10000000199179
10000000199459 10000000199461
10000000199801 10000000199803
10000000199921 10000000199923
10000000201481 10000000201483
10000000202039 10000000202041
10000000202471 10000000202473
10000000203299 10000000203301
10000000203419 10000000203421
10000000205561 10000000205563
10000000206179 10000000206181
10000000206731 10000000206733
10000000206869 10000000206871
10000000207499 10000000207501
10000000209401 10000000209403
10000000209851 10000000209853
10000000212197 10000000212199
10000000213871 10000000213873
10000000215011 10000000215013
10000000215971 10000000215973
10000000216571 10000000216573
10000000216949 10000000216951
10000000217189 10000000217191
10000000217201 10000000217203
10000000219829 10000000219831
10000000220297 10000000220299
10000000221479 10000000221481
10000000221557 10000000221559
10000000228037 10000000228039
10000000229309 10000000229311
10000000229927 10000000229929
10000000231097 10000000231099
10000000231301 10000000231303
10000000232399 10000000232401
10000000234877 10000000234879
10000000236131 10000000236133
10000000238087 10000000238089
10000000238747 10000000238749
10000000239389 10000000239391
10000000240247 10000000240249
10000000241111 10000000241113
10000000241381 10000000241383
10000000242467 10000000242469
10000000242977 10000000242979
10000000244081 10000000244083
10000000245659 10000000245661
10000000245971 10000000245973
10000000246277 10000000246279
10000000246547 10000000246549
10000000246697 10000000246699
10000000247789 10000000247791
10000000248101 10000000248103
10000000248419 10000000248421
10000000248911 10000000248913
10000000248947 10000000248949
10000000249697 10000000249699
10000000249829 10000000249831
10000000249847 10000000249849
10000000251611 10000000251613
10000000251719 10000000251721
10000000251947 10000000251949
10000000252967 10000000252969
10000000253279 10000000253281
10000000253291 10000000253293
10000000254401 10000000254403
10000000254617 10000000254619
10000000255541 10000000255543
10000000255829 10000000255831
10000000256039 10000000256041
10000000256501 10000000256503
10000000256507 10000000256509
10000000257887 10000000257889
10000000258541 10000000258543
10000000259759 10000000259761
10000000260587 10000000260589
10000000261829 10000000261831
10000000262729 10000000262731
10000000264739 10000000264741
10000000267877 10000000267879
10000000268231 10000000268233
10000000269251 10000000269253
10000000270679 10000000270681
10000000270691 10000000270693
10000000271081 10000000271083
10000000271561 10000000271563
10000000271741 10000000271743
10000000272461 10000000272463
10000000272467 10000000272469
10000000273259 10000000273261
10000000273379 10000000273381
10000000273421 10000000273423
10000000275911 10000000275913
10000000276457 10000000276459
10000000276991 10000000276993
10000000277849 10000000277851
10000000278839 10000000278841
10000000279559 10000000279561
10000000279649 10000000279651
10000000279697 10000000279699
10000000280531 10000000280533
10000000280981 10000000280983
10000000281287 10000000281289
10000000281329 10000000281331
10000000281587 10000000281589
10000000281809 10000000281811
10000000282967 10000000282969
10000000283111 10000000283113
10000000285727 10000000285729
10000000286189 10000000286191
10000000286321 10000000286323
10000000288169 10000000288171
10000000288301 10000000288303
10000000289639 10000000289641
10000000290821 10000000290823
10000000290851 10000000290853
10000000291907 10000000291909
10000000292309 10000000292311
10000000292459 10000000292461
10000000292759 10000000292761
10000000293209 10000000293211
10000000293317 10000000293319
10000000293401 10000000293403
10000000297277 10000000297279
10000000297289 10000000297291
10000000297457 10000000297459
10000000297871 10000000297873
10000000298999 10000000299001
10000000299071 10000000299073
10000000299929 10000000299931
10000000299941 10000000299943
